<?xml version="1.0" encoding="UTF-8"?>
<testsuite name="io.turntabl.springwebservice.SpringWebServiceApplicationTests" tests="1" skipped="0" failures="0" errors="0" timestamp="2019-11-20T14:51:20" hostname="dawud-Aspire-7741" time="0.006">
  <properties/>
  <testcase name="contextLoads()" classname="io.turntabl.springwebservice.SpringWebServiceApplicationTests" time="0.006"/>
  <system-out><![CDATA[2019-11-20 14:51:20.801  INFO 16307 --- [    Test worker] .b.t.c.SpringBootTestContextBootstrapper : Neither @ContextConfiguration nor @ContextHierarchy found for test class [io.turntabl.springwebservice.SpringWebServiceApplicationTests], using SpringBootContextLoader
2019-11-20 14:51:20.804  INFO 16307 --- [    Test worker] o.s.t.c.support.AbstractContextLoader    : Could not detect default resource locations for test class [io.turntabl.springwebservice.SpringWebServiceApplicationTests]: no resource found for suffixes {-context.xml, Context.groovy}.
2019-11-20 14:51:20.804  INFO 16307 --- [    Test worker] t.c.s.AnnotationConfigContextLoaderUtils : Could not detect default configuration classes for test class [io.turntabl.springwebservice.SpringWebServiceApplicationTests]: SpringWebServiceApplicationTests does not declare any static, non-private, non-final, nested classes annotated with @Configuration.
2019-11-20 14:51:20.821  INFO 16307 --- [    Test worker] .b.t.c.SpringBootTestContextBootstrapper : Found @SpringBootConfiguration io.turntabl.springwebservice.SpringWebServiceApplication for test class io.turntabl.springwebservice.SpringWebServiceApplicationTests
2019-11-20 14:51:20.826  INFO 16307 --- [    Test worker] .b.t.c.SpringBootTestContextBootstrapper : Loaded default TestExecutionListener class names from location [META-INF/spring.factories]: [org.springframework.boot.test.autoconfigure.restdocs.RestDocsTestExecutionListener, org.springframework.boot.test.autoconfigure.web.client.MockRestServiceServerResetTestExecutionListener, org.springframework.boot.test.autoconfigure.web.servlet.MockMvcPrintOnlyOnFailureTestExecutionListener, org.springframework.boot.test.autoconfigure.web.servlet.WebDriverTestExecutionListener, org.springframework.boot.test.mock.mockito.MockitoTestExecutionListener, org.springframework.boot.test.mock.mockito.ResetMocksTestExecutionListener, org.springframework.test.context.web.ServletTestExecutionListener, org.springframework.test.context.support.DirtiesContextBeforeModesTestExecutionListener, org.springframework.test.context.support.DependencyInjectionTestExecutionListener, org.springframework.test.context.support.DirtiesContextTestExecutionListener, org.springframework.test.context.transaction.TransactionalTestExecutionListener, org.springframework.test.context.jdbc.SqlScriptsTestExecutionListener, org.springframework.test.context.event.EventPublishingTestExecutionListener]
2019-11-20 14:51:20.837  INFO 16307 --- [    Test worker] .b.t.c.SpringBootTestContextBootstrapper : Using TestExecutionListeners: [org.springframework.test.context.web.ServletTestExecutionListener@5f167cef, org.springframework.test.context.support.DirtiesContextBeforeModesTestExecutionListener@2cabbf14, org.springframework.boot.test.mock.mockito.MockitoTestExecutionListener@6d85d5f0, org.springframework.boot.test.autoconfigure.SpringBootDependencyInjectionTestExecutionListener@1cf8c7b5, org.springframework.test.context.support.DirtiesContextTestExecutionListener@706521c1, org.springframework.test.context.event.EventPublishingTestExecutionListener@1c773c6, org.springframework.boot.test.autoconfigure.restdocs.RestDocsTestExecutionListener@42ae0c5b, org.springframework.boot.test.autoconfigure.web.client.MockRestServiceServerResetTestExecutionListener@1831aed4, org.springframework.boot.test.autoconfigure.web.servlet.MockMvcPrintOnlyOnFailureTestExecutionListener@4183ef3a, org.springframework.boot.test.autoconfigure.web.servlet.WebDriverTestExecutionListener@7be0ed8f, org.springframework.boot.test.mock.mockito.ResetMocksTestExecutionListener@491eea7c]
]]></system-out>
  <system-err><![CDATA[]]></system-err>
</testsuite>
